  [1m[36m (219.8ms)[0m  [1mCREATE TABLE "fields" ("id" INTEGER PRIMARY KEY AUTOINCREMENT NOT NULL, "type_field" varchar, "name" varchar, "title" varchar, "value_it" text, "repeating" varchar, "position" integer, "image_file_name" varchar, "image_content_type" varchar, "image_file_size" integer, "image_updated_at" datetime, "file_file_name" varchar, "file_content_type" varchar, "file_file_size" integer, "file_updated_at" datetime, "page_id" integer, "created_at" datetime NOT NULL, "updated_at" datetime NOT NULL) [0m
  [1m[35m (221.9ms)[0m  CREATE TABLE "notes" ("id" INTEGER PRIMARY KEY AUTOINCREMENT NOT NULL, "title" varchar, "content" text, "style" varchar, "created_at" datetime NOT NULL, "updated_at" datetime NOT NULL) 
  [1m[36m (266.5ms)[0m  [1mCREATE TABLE "pages" ("id" INTEGER PRIMARY KEY AUTOINCREMENT NOT NULL, "title" varchar, "url" varchar, "created_at" datetime NOT NULL, "updated_at" datetime NOT NULL) [0m
  [1m[35m (209.9ms)[0m  CREATE TABLE "typefields" ("id" INTEGER PRIMARY KEY AUTOINCREMENT NOT NULL, "type_field" varchar, "name" varchar, "title" varchar, "position" integer, "type_id" integer, "created_at" datetime NOT NULL, "updated_at" datetime NOT NULL) 
  [1m[36m (232.7ms)[0m  [1mCREATE TABLE "types" ("id" INTEGER PRIMARY KEY AUTOINCREMENT NOT NULL, "name" varchar, "title_s" varchar, "title_p" varchar, "url" varchar, "visible" boolean, "created_at" datetime NOT NULL, "updated_at" datetime NOT NULL) [0m
  [1m[35m (188.7ms)[0m  CREATE TABLE "users" ("id" INTEGER PRIMARY KEY AUTOINCREMENT NOT NULL, "name" varchar, "email" varchar, "password" varchar, "password_digest" varchar, "permissions" integer, "created_at" datetime NOT NULL, "updated_at" datetime NOT NULL) 
  [1m[36m (237.2ms)[0m  [1mCREATE TABLE "schema_migrations" ("version" varchar NOT NULL) [0m
  [1m[35m (0.1ms)[0m  select sqlite_version(*)
  [1m[36m (754.5ms)[0m  [1mCREATE UNIQUE INDEX "unique_schema_migrations" ON "schema_migrations" ("version")[0m
  [1m[35m (0.1ms)[0m  SELECT version FROM "schema_migrations"
  [1m[36m (155.5ms)[0m  [1mINSERT INTO "schema_migrations" (version) VALUES ('20151110131258')[0m
  [1m[35m (176.7ms)[0m  CREATE TABLE "fields" ("id" INTEGER PRIMARY KEY AUTOINCREMENT NOT NULL, "type_field" varchar, "name" varchar, "title" varchar, "value_it" text, "repeating" varchar, "position" integer, "image_file_name" varchar, "image_content_type" varchar, "image_file_size" integer, "image_updated_at" datetime, "file_file_name" varchar, "file_content_type" varchar, "file_file_size" integer, "file_updated_at" datetime, "page_id" integer, "created_at" datetime NOT NULL, "updated_at" datetime NOT NULL) 
  [1m[36m (243.8ms)[0m  [1mCREATE TABLE "notes" ("id" INTEGER PRIMARY KEY AUTOINCREMENT NOT NULL, "title" varchar, "content" text, "style" varchar, "created_at" datetime NOT NULL, "updated_at" datetime NOT NULL) [0m
  [1m[35m (210.7ms)[0m  CREATE TABLE "pages" ("id" INTEGER PRIMARY KEY AUTOINCREMENT NOT NULL, "title" varchar, "url" varchar, "created_at" datetime NOT NULL, "updated_at" datetime NOT NULL) 
  [1m[36m (232.7ms)[0m  [1mCREATE TABLE "typefields" ("id" INTEGER PRIMARY KEY AUTOINCREMENT NOT NULL, "type_field" varchar, "name" varchar, "title" varchar, "position" integer, "type_id" integer, "created_at" datetime NOT NULL, "updated_at" datetime NOT NULL) [0m
  [1m[35m (242.8ms)[0m  CREATE TABLE "types" ("id" INTEGER PRIMARY KEY AUTOINCREMENT NOT NULL, "name" varchar, "title_s" varchar, "title_p" varchar, "url" varchar, "visible" boolean, "created_at" datetime NOT NULL, "updated_at" datetime NOT NULL) 
  [1m[36m (189.9ms)[0m  [1mCREATE TABLE "users" ("id" INTEGER PRIMARY KEY AUTOINCREMENT NOT NULL, "name" varchar, "email" varchar, "password" varchar, "password_digest" varchar, "permissions" integer, "created_at" datetime NOT NULL, "updated_at" datetime NOT NULL) [0m
  [1m[35m (187.9ms)[0m  CREATE TABLE "schema_migrations" ("version" varchar NOT NULL) 
  [1m[36m (0.1ms)[0m  [1mselect sqlite_version(*)[0m
  [1m[35m (222.2ms)[0m  CREATE UNIQUE INDEX "unique_schema_migrations" ON "schema_migrations" ("version")
  [1m[36m (0.2ms)[0m  [1mSELECT version FROM "schema_migrations"[0m
  [1m[35m (188.9ms)[0m  INSERT INTO "schema_migrations" (version) VALUES ('20151110131258')
  [1m[36mActiveRecord::SchemaMigration Load (0.2ms)[0m  [1mSELECT "schema_migrations".* FROM "schema_migrations"[0m
  [1m[35m (0.1ms)[0m  begin transaction
  [1m[36mUser Exists (0.1ms)[0m  [1mSELECT  1 AS one FROM "users" WHERE LOWER("users"."email") = LOWER('admin@mail.com') LIMIT 1[0m
  [1m[35mSQL (0.2ms)[0m  INSERT INTO "users" ("name", "email", "password_digest", "permissions", "created_at", "updated_at") VALUES (?, ?, ?, ?, ?, ?)  [["name", "Gams Admin"], ["email", "admin@mail.com"], ["password_digest", "$2a$10$QVqj3MdkmUMzWQOTdeBed.NBFYEq3gFxCBTSN.msn3LNlc6o06b5e"], ["permissions", 0], ["created_at", "2015-11-17 07:45:36.700538"], ["updated_at", "2015-11-17 07:45:36.700538"]]
  [1m[36m (169.2ms)[0m  [1mcommit transaction[0m


Started GET "/" for 127.0.0.1 at 2015-11-17 08:45:47 +0100
Processing by Template::TemplateController#homepage as HTML
  [1m[36mPage Load (0.1ms)[0m  [1mSELECT  "pages".* FROM "pages" WHERE "pages"."url" = ? LIMIT 1[0m  [["url", "homepage"]]
Redirected to http://localhost:3000/admin
Completed 302 Found in 88ms (ActiveRecord: 1.1ms)


Started GET "/admin" for 127.0.0.1 at 2015-11-17 08:45:47 +0100
Processing by Admin::AdminController#login as HTML
Redirected to http://localhost:3000/admin/home
Completed 302 Found in 2498ms (ActiveRecord: 0.0ms)


Started GET "/" for 127.0.0.1 at 2015-11-17 08:45:49 +0100
Processing by Template::TemplateController#homepage as HTML
  [1m[35mPage Load (0.1ms)[0m  SELECT  "pages".* FROM "pages" WHERE "pages"."url" = ? LIMIT 1  [["url", "homepage"]]
Redirected to http://localhost:3000/admin
Completed 302 Found in 1ms (ActiveRecord: 0.1ms)


Started GET "/admin" for 127.0.0.1 at 2015-11-17 08:45:49 +0100
Processing by Admin::AdminController#login as HTML
Redirected to http://localhost:3000/admin/home
Completed 302 Found in 1ms (ActiveRecord: 0.0ms)


Started GET "/admin/home" for 127.0.0.1 at 2015-11-17 08:45:50 +0100
Processing by Admin::AdminController#home as HTML
  [1m[36mNote Load (0.1ms)[0m  [1mSELECT  "notes".* FROM "notes"  ORDER BY "notes"."id" DESC LIMIT 4[0m
  [1m[35mUser Load (0.1ms)[0m  SELECT  "users".* FROM "users" WHERE "users"."id" = ? LIMIT 1  [["id", 1]]
  Rendered admin/admin/home.html.erb within layouts/admin/admin (21.9ms)
  Rendered layouts/admin/_header.html.erb (1.7ms)
  [1m[36mType Load (0.1ms)[0m  [1mSELECT "types".* FROM "types" WHERE "types"."visible" = 't'  ORDER BY title_p DESC[0m
  Rendered layouts/admin/_menu.html.erb (43.7ms)
  Rendered layouts/admin/_footer.html.erb (0.6ms)
Completed 200 OK in 5381ms (Views: 5350.4ms | ActiveRecord: 1.1ms)


Started GET "/assets/admin/admin.self-1f28b581a94804005f71aa7af6fc34175f88b9652840866af6d53638c72cd3b3.css?body=1" for 127.0.0.1 at 2015-11-17 08:45:55 +0100


Started GET "/admin/settings" for 127.0.0.1 at 2015-11-17 08:46:11 +0100
Processing by Admin::AdminController#settings as HTML
  Rendered admin/admin/settings.html.erb within layouts/admin/admin (3.3ms)
  Rendered layouts/admin/_header.html.erb (0.6ms)
  [1m[35mType Load (0.1ms)[0m  SELECT "types".* FROM "types" WHERE "types"."visible" = 't'  ORDER BY title_p DESC
  Rendered layouts/admin/_menu.html.erb (1.1ms)
  Rendered layouts/admin/_footer.html.erb (0.0ms)
Completed 200 OK in 218ms (Views: 216.7ms | ActiveRecord: 0.1ms)
  Rendered /home/gregorio/.rvm/gems/ruby-2.2.1/gems/web-console-2.2.1/lib/web_console/templates/_markup.html.erb (0.4ms)
  Rendered /home/gregorio/.rvm/gems/ruby-2.2.1/gems/web-console-2.2.1/lib/web_console/templates/_inner_console_markup.html.erb within layouts/inlined_string (0.3ms)
  Rendered /home/gregorio/.rvm/gems/ruby-2.2.1/gems/web-console-2.2.1/lib/web_console/templates/_prompt_box_markup.html.erb within layouts/inlined_string (0.2ms)
  Rendered /home/gregorio/.rvm/gems/ruby-2.2.1/gems/web-console-2.2.1/lib/web_console/templates/style.css.erb within layouts/inlined_string (0.3ms)
  Rendered /home/gregorio/.rvm/gems/ruby-2.2.1/gems/web-console-2.2.1/lib/web_console/templates/console.js.erb within layouts/javascript (13.3ms)
  Rendered /home/gregorio/.rvm/gems/ruby-2.2.1/gems/web-console-2.2.1/lib/web_console/templates/main.js.erb within layouts/javascript (0.3ms)
  Rendered /home/gregorio/.rvm/gems/ruby-2.2.1/gems/web-console-2.2.1/lib/web_console/templates/index.html.erb (34.4ms)


Started GET "/admin/settings/config/language/configuration" for 127.0.0.1 at 2015-11-17 08:46:17 +0100
Processing by Admin::ConfigController#language_configuration as HTML
  Rendered admin/config/language_configuration.html.erb within layouts/admin/admin (1.2ms)
  Rendered layouts/admin/_header.html.erb (0.6ms)
  [1m[36mCACHE (0.0ms)[0m  [1mSELECT "types".* FROM "types" WHERE "types"."visible" = 't'  ORDER BY title_p DESC[0m
  Rendered layouts/admin/_menu.html.erb (1.3ms)
  Rendered layouts/admin/_footer.html.erb (0.0ms)
Completed 200 OK in 243ms (Views: 202.9ms | ActiveRecord: 0.0ms)


Started GET "/admin/settings" for 127.0.0.1 at 2015-11-17 08:46:35 +0100
Processing by Admin::AdminController#settings as HTML
  Rendered admin/admin/settings.html.erb within layouts/admin/admin (4.8ms)
  Rendered layouts/admin/_header.html.erb (0.6ms)
  [1m[35mType Load (0.1ms)[0m  SELECT "types".* FROM "types" WHERE "types"."visible" = 't'  ORDER BY title_p DESC
  Rendered layouts/admin/_menu.html.erb (1.2ms)
  Rendered layouts/admin/_footer.html.erb (0.0ms)
Completed 200 OK in 197ms (Views: 195.4ms | ActiveRecord: 0.1ms)
  Rendered /home/gregorio/.rvm/gems/ruby-2.2.1/gems/web-console-2.2.1/lib/web_console/templates/_markup.html.erb (0.2ms)
  Rendered /home/gregorio/.rvm/gems/ruby-2.2.1/gems/web-console-2.2.1/lib/web_console/templates/_inner_console_markup.html.erb within layouts/inlined_string (0.4ms)
  Rendered /home/gregorio/.rvm/gems/ruby-2.2.1/gems/web-console-2.2.1/lib/web_console/templates/_prompt_box_markup.html.erb within layouts/inlined_string (0.2ms)
  Rendered /home/gregorio/.rvm/gems/ruby-2.2.1/gems/web-console-2.2.1/lib/web_console/templates/style.css.erb within layouts/inlined_string (0.2ms)
  Rendered /home/gregorio/.rvm/gems/ruby-2.2.1/gems/web-console-2.2.1/lib/web_console/templates/console.js.erb within layouts/javascript (12.1ms)
  Rendered /home/gregorio/.rvm/gems/ruby-2.2.1/gems/web-console-2.2.1/lib/web_console/templates/main.js.erb within layouts/javascript (0.2ms)
  Rendered /home/gregorio/.rvm/gems/ruby-2.2.1/gems/web-console-2.2.1/lib/web_console/templates/index.html.erb (20.8ms)


Started GET "/admin/settings/config/page/new" for 127.0.0.1 at 2015-11-17 08:46:38 +0100
Processing by Admin::ConfigController#page_new as HTML
  Rendered admin/config/page_new.html.erb within layouts/admin/admin (1.0ms)
  Rendered layouts/admin/_header.html.erb (0.6ms)
  [1m[36mCACHE (0.0ms)[0m  [1mSELECT "types".* FROM "types" WHERE "types"."visible" = 't'  ORDER BY title_p DESC[0m
  Rendered layouts/admin/_menu.html.erb (1.1ms)
  Rendered layouts/admin/_footer.html.erb (0.0ms)
Completed 200 OK in 229ms (Views: 228.5ms | ActiveRecord: 0.0ms)


Started GET "/admin/settings/config/field/new" for 127.0.0.1 at 2015-11-17 08:46:41 +0100
Processing by Admin::ConfigController#field_new as HTML
  [1m[35mPage Load (0.1ms)[0m  SELECT "pages".* FROM "pages"
  Rendered admin/config/field_new.html.erb within layouts/admin/admin (1.5ms)
  Rendered layouts/admin/_header.html.erb (0.7ms)
  [1m[36mType Load (0.3ms)[0m  [1mSELECT "types".* FROM "types" WHERE "types"."visible" = 't'  ORDER BY title_p DESC[0m
  Rendered layouts/admin/_menu.html.erb (2.9ms)
  Rendered layouts/admin/_footer.html.erb (0.0ms)
Completed 200 OK in 235ms (Views: 234.1ms | ActiveRecord: 0.4ms)


Started GET "/admin/settings/config/repeater/new" for 127.0.0.1 at 2015-11-17 08:46:48 +0100
Processing by Admin::ConfigController#repeater_new as HTML
  [1m[35mType Load (0.1ms)[0m  SELECT "types".* FROM "types"
  [1m[36mPage Load (0.1ms)[0m  [1mSELECT "pages".* FROM "pages"[0m
  Rendered admin/config/repeater_new.html.erb within layouts/admin/admin (1.8ms)
  Rendered layouts/admin/_header.html.erb (0.6ms)
  [1m[35mType Load (0.1ms)[0m  SELECT "types".* FROM "types" WHERE "types"."visible" = 't'  ORDER BY title_p DESC
  Rendered layouts/admin/_menu.html.erb (1.2ms)
  Rendered layouts/admin/_footer.html.erb (0.0ms)
Completed 200 OK in 200ms (Views: 198.9ms | ActiveRecord: 0.3ms)


Started GET "/admin/settings/config/type/new" for 127.0.0.1 at 2015-11-17 08:46:52 +0100
Processing by Admin::ConfigController#type_new as HTML
  Rendered admin/config/type_new.html.erb within layouts/admin/admin (1.6ms)
  Rendered layouts/admin/_header.html.erb (0.6ms)
  [1m[36mType Load (0.1ms)[0m  [1mSELECT "types".* FROM "types" WHERE "types"."visible" = 't'  ORDER BY title_p DESC[0m
  Rendered layouts/admin/_menu.html.erb (1.2ms)
  Rendered layouts/admin/_footer.html.erb (0.0ms)
Completed 200 OK in 209ms (Views: 208.6ms | ActiveRecord: 0.1ms)


Started GET "/admin/settings/config/typefield/new" for 127.0.0.1 at 2015-11-17 08:46:54 +0100
Processing by Admin::ConfigController#typefield_new as HTML
  [1m[35mType Load (0.1ms)[0m  SELECT "types".* FROM "types"
  Rendered admin/config/typefield_new.html.erb within layouts/admin/admin (2.3ms)
  Rendered layouts/admin/_header.html.erb (0.6ms)
  [1m[36mType Load (0.1ms)[0m  [1mSELECT "types".* FROM "types" WHERE "types"."visible" = 't'  ORDER BY title_p DESC[0m
  Rendered layouts/admin/_menu.html.erb (1.2ms)
  Rendered layouts/admin/_footer.html.erb (0.0ms)
Completed 200 OK in 195ms (Views: 193.8ms | ActiveRecord: 0.3ms)


Started GET "/admin/notes" for 127.0.0.1 at 2015-11-17 08:47:00 +0100
Processing by Admin::NotesController#index as HTML
  [1m[35mNote Load (0.2ms)[0m  SELECT  "notes".* FROM "notes"  ORDER BY created_at DESC LIMIT 12 OFFSET 0
  Rendered admin/notes/index.html.erb within layouts/admin/admin (2.1ms)
  Rendered layouts/admin/_header.html.erb (0.7ms)
  [1m[36mType Load (0.3ms)[0m  [1mSELECT "types".* FROM "types" WHERE "types"."visible" = 't'  ORDER BY title_p DESC[0m
  Rendered layouts/admin/_menu.html.erb (1.8ms)
  Rendered layouts/admin/_footer.html.erb (0.0ms)
Completed 200 OK in 197ms (Views: 195.1ms | ActiveRecord: 0.4ms)


Started GET "/admin/users" for 127.0.0.1 at 2015-11-17 08:47:01 +0100
Processing by Admin::UsersController#index as HTML
  [1m[35mUser Load (0.2ms)[0m  SELECT  "users".* FROM "users"  ORDER BY name ASC LIMIT 12 OFFSET 0
  Rendered admin/users/index.html.erb within layouts/admin/admin (41.3ms)
  Rendered layouts/admin/_header.html.erb (0.7ms)
  [1m[36mType Load (0.1ms)[0m  [1mSELECT "types".* FROM "types" WHERE "types"."visible" = 't'  ORDER BY title_p DESC[0m
  Rendered layouts/admin/_menu.html.erb (1.4ms)
  Rendered layouts/admin/_footer.html.erb (0.0ms)
Completed 200 OK in 244ms (Views: 239.5ms | ActiveRecord: 0.3ms)


Started GET "/admin/users/1" for 127.0.0.1 at 2015-11-17 08:47:03 +0100
Processing by Admin::UsersController#show as HTML
  Parameters: {"id"=>"1"}
  [1m[35mUser Load (0.1ms)[0m  SELECT  "users".* FROM "users" WHERE "users"."id" = ? LIMIT 1  [["id", 1]]
  Rendered admin/users/show.html.erb within layouts/admin/admin (2.0ms)
  Rendered layouts/admin/_header.html.erb (0.7ms)
  [1m[36mType Load (0.2ms)[0m  [1mSELECT "types".* FROM "types" WHERE "types"."visible" = 't'  ORDER BY title_p DESC[0m
  Rendered layouts/admin/_menu.html.erb (1.4ms)
  Rendered layouts/admin/_footer.html.erb (0.0ms)
Completed 200 OK in 186ms (Views: 184.8ms | ActiveRecord: 0.3ms)


Started GET "/admin/settings" for 127.0.0.1 at 2015-11-17 08:47:05 +0100
Processing by Admin::AdminController#settings as HTML
  Rendered admin/admin/settings.html.erb within layouts/admin/admin (3.0ms)
  Rendered layouts/admin/_header.html.erb (0.6ms)
  [1m[35mType Load (0.1ms)[0m  SELECT "types".* FROM "types" WHERE "types"."visible" = 't'  ORDER BY title_p DESC
  Rendered layouts/admin/_menu.html.erb (1.2ms)
  Rendered layouts/admin/_footer.html.erb (0.0ms)
Completed 200 OK in 196ms (Views: 194.7ms | ActiveRecord: 0.1ms)
  Rendered /home/gregorio/.rvm/gems/ruby-2.2.1/gems/web-console-2.2.1/lib/web_console/templates/_markup.html.erb (0.2ms)
  Rendered /home/gregorio/.rvm/gems/ruby-2.2.1/gems/web-console-2.2.1/lib/web_console/templates/_inner_console_markup.html.erb within layouts/inlined_string (0.3ms)
  Rendered /home/gregorio/.rvm/gems/ruby-2.2.1/gems/web-console-2.2.1/lib/web_console/templates/_prompt_box_markup.html.erb within layouts/inlined_string (0.2ms)
  Rendered /home/gregorio/.rvm/gems/ruby-2.2.1/gems/web-console-2.2.1/lib/web_console/templates/style.css.erb within layouts/inlined_string (0.2ms)
  Rendered /home/gregorio/.rvm/gems/ruby-2.2.1/gems/web-console-2.2.1/lib/web_console/templates/console.js.erb within layouts/javascript (12.5ms)
  Rendered /home/gregorio/.rvm/gems/ruby-2.2.1/gems/web-console-2.2.1/lib/web_console/templates/main.js.erb within layouts/javascript (0.2ms)
  Rendered /home/gregorio/.rvm/gems/ruby-2.2.1/gems/web-console-2.2.1/lib/web_console/templates/index.html.erb (21.3ms)
  [1m[36m (149.2ms)[0m  [1mCREATE TABLE "fields" ("id" INTEGER PRIMARY KEY AUTOINCREMENT NOT NULL, "type_field" varchar, "name" varchar, "title" varchar, "value_it" text, "repeating" varchar, "position" integer, "image_file_name" varchar, "image_content_type" varchar, "image_file_size" integer, "image_updated_at" datetime, "file_file_name" varchar, "file_content_type" varchar, "file_file_size" integer, "file_updated_at" datetime, "page_id" integer, "created_at" datetime NOT NULL, "updated_at" datetime NOT NULL) [0m
  [1m[35m (188.7ms)[0m  CREATE TABLE "notes" ("id" INTEGER PRIMARY KEY AUTOINCREMENT NOT NULL, "title" varchar, "content" text, "style" varchar, "created_at" datetime NOT NULL, "updated_at" datetime NOT NULL) 
  [1m[36m (155.4ms)[0m  [1mCREATE TABLE "pages" ("id" INTEGER PRIMARY KEY AUTOINCREMENT NOT NULL, "title" varchar, "url" varchar, "created_at" datetime NOT NULL, "updated_at" datetime NOT NULL) [0m
  [1m[35m (155.5ms)[0m  CREATE TABLE "typefields" ("id" INTEGER PRIMARY KEY AUTOINCREMENT NOT NULL, "type_field" varchar, "name" varchar, "title" varchar, "position" integer, "type_id" integer, "created_at" datetime NOT NULL, "updated_at" datetime NOT NULL) 
  [1m[36m (166.6ms)[0m  [1mCREATE TABLE "types" ("id" INTEGER PRIMARY KEY AUTOINCREMENT NOT NULL, "name" varchar, "title_s" varchar, "title_p" varchar, "url" varchar, "visible" boolean, "created_at" datetime NOT NULL, "updated_at" datetime NOT NULL) [0m
  [1m[35m (166.6ms)[0m  CREATE TABLE "users" ("id" INTEGER PRIMARY KEY AUTOINCREMENT NOT NULL, "name" varchar, "email" varchar, "password" varchar, "password_digest" varchar, "permissions" integer, "created_at" datetime NOT NULL, "updated_at" datetime NOT NULL) 
  [1m[36m (165.1ms)[0m  [1mCREATE TABLE "schema_migrations" ("version" varchar NOT NULL) [0m
  [1m[35m (0.1ms)[0m  select sqlite_version(*)
  [1m[36m (166.6ms)[0m  [1mCREATE UNIQUE INDEX "unique_schema_migrations" ON "schema_migrations" ("version")[0m
  [1m[35m (0.1ms)[0m  SELECT version FROM "schema_migrations"
  [1m[36m (168.2ms)[0m  [1mINSERT INTO "schema_migrations" (version) VALUES ('20151110131258')[0m
  [1m[35m (154.5ms)[0m  CREATE TABLE "fields" ("id" INTEGER PRIMARY KEY AUTOINCREMENT NOT NULL, "type_field" varchar, "name" varchar, "title" varchar, "value_it" text, "repeating" varchar, "position" integer, "image_file_name" varchar, "image_content_type" varchar, "image_file_size" integer, "image_updated_at" datetime, "file_file_name" varchar, "file_content_type" varchar, "file_file_size" integer, "file_updated_at" datetime, "page_id" integer, "created_at" datetime NOT NULL, "updated_at" datetime NOT NULL) 
  [1m[36m (288.7ms)[0m  [1mCREATE TABLE "notes" ("id" INTEGER PRIMARY KEY AUTOINCREMENT NOT NULL, "title" varchar, "content" text, "style" varchar, "created_at" datetime NOT NULL, "updated_at" datetime NOT NULL) [0m
  [1m[35m (155.6ms)[0m  CREATE TABLE "pages" ("id" INTEGER PRIMARY KEY AUTOINCREMENT NOT NULL, "title" varchar, "url" varchar, "created_at" datetime NOT NULL, "updated_at" datetime NOT NULL) 
  [1m[36m (178.1ms)[0m  [1mCREATE TABLE "typefields" ("id" INTEGER PRIMARY KEY AUTOINCREMENT NOT NULL, "type_field" varchar, "name" varchar, "title" varchar, "position" integer, "type_id" integer, "created_at" datetime NOT NULL, "updated_at" datetime NOT NULL) [0m
  [1m[35m (177.6ms)[0m  CREATE TABLE "types" ("id" INTEGER PRIMARY KEY AUTOINCREMENT NOT NULL, "name" varchar, "title_s" varchar, "title_p" varchar, "url" varchar, "visible" boolean, "created_at" datetime NOT NULL, "updated_at" datetime NOT NULL) 
  [1m[36m (177.6ms)[0m  [1mCREATE TABLE "users" ("id" INTEGER PRIMARY KEY AUTOINCREMENT NOT NULL, "name" varchar, "email" varchar, "password" varchar, "password_digest" varchar, "permissions" integer, "created_at" datetime NOT NULL, "updated_at" datetime NOT NULL) [0m
  [1m[35m (155.5ms)[0m  CREATE TABLE "schema_migrations" ("version" varchar NOT NULL) 
  [1m[36m (0.1ms)[0m  [1mselect sqlite_version(*)[0m
  [1m[35m (288.8ms)[0m  CREATE UNIQUE INDEX "unique_schema_migrations" ON "schema_migrations" ("version")
  [1m[36m (0.1ms)[0m  [1mSELECT version FROM "schema_migrations"[0m
  [1m[35m (855.9ms)[0m  INSERT INTO "schema_migrations" (version) VALUES ('20151110131258')
  [1m[36mActiveRecord::SchemaMigration Load (0.1ms)[0m  [1mSELECT "schema_migrations".* FROM "schema_migrations"[0m
  [1m[35m (0.1ms)[0m  begin transaction
  [1m[36mUser Exists (0.1ms)[0m  [1mSELECT  1 AS one FROM "users" WHERE LOWER("users"."email") = LOWER('admin@mail.com') LIMIT 1[0m
  [1m[35mSQL (0.2ms)[0m  INSERT INTO "users" ("name", "email", "password_digest", "permissions", "created_at", "updated_at") VALUES (?, ?, ?, ?, ?, ?)  [["name", "Gams Admin"], ["email", "admin@mail.com"], ["password_digest", "$2a$10$0/S1MnjiJNaBCF3PHE8RQ.V5VxBumoEG97L2Xkt7Dm/NzZv893Mvi"], ["permissions", 0], ["created_at", "2015-11-19 14:05:33.961636"], ["updated_at", "2015-11-19 14:05:33.961636"]]
  [1m[36m (158.2ms)[0m  [1mcommit transaction[0m


Started GET "/" for 127.0.0.1 at 2015-11-19 15:05:38 +0100
Processing by Template::TemplateController#homepage as HTML
  [1m[36mPage Load (0.5ms)[0m  [1mSELECT  "pages".* FROM "pages" WHERE "pages"."url" = ? LIMIT 1[0m  [["url", "homepage"]]
Redirected to http://localhost:3000/admin
Completed 302 Found in 21ms (ActiveRecord: 2.0ms)


Started GET "/admin" for 127.0.0.1 at 2015-11-19 15:05:39 +0100

SyntaxError (/home/gregorio/Desktop/G-Web/gams-cms/app/controllers/admin/admin_controller.rb:104: syntax error, unexpected tSTRING_BEG, expecting ')'
..., title: "'+object_field.title'", repeating: "'+object_field...
...                               ^
/home/gregorio/Desktop/G-Web/gams-cms/app/controllers/admin/admin_controller.rb:104: syntax error, unexpected ')', expecting keyword_end
/home/gregorio/Desktop/G-Web/gams-cms/app/controllers/admin/admin_controller.rb:175: syntax error, unexpected end-of-input, expecting keyword_end):
  app/controllers/admin/admin_controller.rb:104: syntax error, unexpected tSTRING_BEG, expecting ')'
  app/controllers/admin/admin_controller.rb:104: syntax error, unexpected ')', expecting keyword_end
  app/controllers/admin/admin_controller.rb:175: syntax error, unexpected end-of-input, expecting keyword_end


  Rendered /home/gregorio/.rvm/gems/ruby-2.2.1/gems/actionpack-4.2.2/lib/action_dispatch/middleware/templates/rescues/_source.erb (4.9ms)
  Rendered /home/gregorio/.rvm/gems/ruby-2.2.1/gems/actionpack-4.2.2/lib/action_dispatch/middleware/templates/rescues/_trace.html.erb (1.8ms)
  Rendered /home/gregorio/.rvm/gems/ruby-2.2.1/gems/actionpack-4.2.2/lib/action_dispatch/middleware/templates/rescues/_request_and_response.html.erb (9.8ms)
  Rendered /home/gregorio/.rvm/gems/ruby-2.2.1/gems/actionpack-4.2.2/lib/action_dispatch/middleware/templates/rescues/diagnostics.html.erb within rescues/layout (28.8ms)
  Rendered /home/gregorio/.rvm/gems/ruby-2.2.1/gems/web-console-2.2.1/lib/web_console/templates/_markup.html.erb (0.4ms)
  Rendered /home/gregorio/.rvm/gems/ruby-2.2.1/gems/web-console-2.2.1/lib/web_console/templates/_inner_console_markup.html.erb within layouts/inlined_string (0.5ms)
  Rendered /home/gregorio/.rvm/gems/ruby-2.2.1/gems/web-console-2.2.1/lib/web_console/templates/_prompt_box_markup.html.erb within layouts/inlined_string (0.2ms)
  Rendered /home/gregorio/.rvm/gems/ruby-2.2.1/gems/web-console-2.2.1/lib/web_console/templates/style.css.erb within layouts/inlined_string (0.3ms)
  Rendered /home/gregorio/.rvm/gems/ruby-2.2.1/gems/web-console-2.2.1/lib/web_console/templates/console.js.erb within layouts/javascript (17.9ms)
  Rendered /home/gregorio/.rvm/gems/ruby-2.2.1/gems/web-console-2.2.1/lib/web_console/templates/main.js.erb within layouts/javascript (0.3ms)
  Rendered /home/gregorio/.rvm/gems/ruby-2.2.1/gems/web-console-2.2.1/lib/web_console/templates/error_page.js.erb within layouts/javascript (0.6ms)
  Rendered /home/gregorio/.rvm/gems/ruby-2.2.1/gems/web-console-2.2.1/lib/web_console/templates/index.html.erb (50.6ms)


Started GET "/admin" for 127.0.0.1 at 2015-11-19 15:06:52 +0100
Processing by Admin::AdminController#login as HTML
Redirected to http://localhost:3000/admin/home
Completed 302 Found in 440ms (ActiveRecord: 0.0ms)


Started GET "/admin/home" for 127.0.0.1 at 2015-11-19 15:06:53 +0100
Processing by Admin::AdminController#home as HTML
  [1m[35mNote Load (0.1ms)[0m  SELECT  "notes".* FROM "notes"  ORDER BY "notes"."id" DESC LIMIT 4
  [1m[36mUser Load (0.1ms)[0m  [1mSELECT  "users".* FROM "users" WHERE "users"."id" = ? LIMIT 1[0m  [["id", 1]]
  Rendered admin/admin/home.html.erb within layouts/admin/admin (1.3ms)
  Rendered layouts/admin/_header.html.erb (1.2ms)
  [1m[35mType Load (0.4ms)[0m  SELECT "types".* FROM "types" WHERE "types"."visible" = 't'  ORDER BY title_p DESC
  Rendered layouts/admin/_menu.html.erb (6.8ms)
  Rendered layouts/admin/_footer.html.erb (0.4ms)
Completed 200 OK in 435ms (Views: 422.7ms | ActiveRecord: 1.6ms)


Started GET "/assets/selectize.self-3ddc376880556c23618933d3d2304263eb0c34a19ef3a9abb21bc2aaf0f147a2.css?body=1" for 127.0.0.1 at 2015-11-19 15:06:53 +0100


Started GET "/assets/selectize.bootstrap3.self-5a395e7e7d2dc7429df6994f459b7f9015b2a53bdea806ce9a34cfd0f9d74dd2.css?body=1" for 127.0.0.1 at 2015-11-19 15:06:53 +0100


Started GET "/assets/admin/admin.self-1f28b581a94804005f71aa7af6fc34175f88b9652840866af6d53638c72cd3b3.css?body=1" for 127.0.0.1 at 2015-11-19 15:06:53 +0100


Started GET "/assets/jquery.self-a714331225dda820228db323939889f149aec0127aeb06255646b616ba1ca419.js?body=1" for 127.0.0.1 at 2015-11-19 15:06:53 +0100


Started GET "/assets/jquery_ujs.self-d456baa54c1fa6be2ec3711f0a72ddf7a5b2f34a6b4f515f33767d6207b7d4b3.js?body=1" for 127.0.0.1 at 2015-11-19 15:06:53 +0100


Started GET "/assets/bootstrap/affix.self-f7aef9d98ee5ece34a6a92a6a15bba777d93e8d908b75c95a85088277f394200.js?body=1" for 127.0.0.1 at 2015-11-19 15:06:53 +0100


Started GET "/assets/bootstrap/alert.self-896ab026e6823f5cef2441e07dac53d0692a5b772ac58b1ce20aa624c342d3f4.js?body=1" for 127.0.0.1 at 2015-11-19 15:06:53 +0100


Started GET "/assets/bootstrap/button.self-d19f3e2bcd3a7a4d75c11b9141b3fabd2c11987da1e99c85548ec3ecf8db30c3.js?body=1" for 127.0.0.1 at 2015-11-19 15:06:53 +0100


Started GET "/assets/bootstrap/carousel.self-b2e5e14483e6c31343a83861b7d487620f143d6fc2d07d5ae7544b6b225ba6be.js?body=1" for 127.0.0.1 at 2015-11-19 15:06:53 +0100


Started GET "/assets/bootstrap/collapse.self-93820e9b486e375a7fb4477602def3a6f8381fa6d50938d5378297ffbe4a1248.js?body=1" for 127.0.0.1 at 2015-11-19 15:06:53 +0100


Started GET "/assets/bootstrap/dropdown.self-30536ae4d54b2685c26b5787ed0eb549a9075717fe690cce6270873bedf2df00.js?body=1" for 127.0.0.1 at 2015-11-19 15:06:53 +0100


Started GET "/assets/bootstrap/tab.self-9b77df34cbbb08ec93a806d6cdb741f04e3dbf3389978a0679146f2d2987bc89.js?body=1" for 127.0.0.1 at 2015-11-19 15:06:53 +0100


Started GET "/assets/bootstrap/transition.self-9616c4e856b57659b67da3c6f2adcd584b5601ef4bebcdadab8ebb387d80bb25.js?body=1" for 127.0.0.1 at 2015-11-19 15:06:53 +0100


Started GET "/assets/bootstrap/scrollspy.self-c5c6ed008955656d345067e9821d79f1216b8383134d08465d4aa1a33a2b93b4.js?body=1" for 127.0.0.1 at 2015-11-19 15:06:53 +0100


Started GET "/assets/bootstrap/modal.self-bcfe54f3132bf16a8c5ce4289e47eba488f6522a08f49f378a037061c6c7aa4c.js?body=1" for 127.0.0.1 at 2015-11-19 15:06:53 +0100


Started GET "/assets/bootstrap/popover.self-b73e9c9111d01148e24bbc46e096782e024dc5db630e7078cf11ed2587ef8551.js?body=1" for 127.0.0.1 at 2015-11-19 15:06:53 +0100


Started GET "/assets/bootstrap/tooltip.self-3aa41fbe871573b34e0ebddf31598cd5a11a9841ca85f90934ea46326e46626d.js?body=1" for 127.0.0.1 at 2015-11-19 15:06:53 +0100


Started GET "/assets/bootstrap-sprockets.self-fbfa5ad7d9aa0afe439ec4ff3883acc4cb92b62cb67c40d674320c9aa1d4642d.js?body=1" for 127.0.0.1 at 2015-11-19 15:06:53 +0100


Started GET "/assets/bootstrap-wysihtml5/handlebars.runtime.min.self-5fa4bfc769ba3f6e730c2453d45ab26222e546e884ece044b0781c93c4cfd65d.js?body=1" for 127.0.0.1 at 2015-11-19 15:06:53 +0100


Started GET "/assets/bootstrap-wysihtml5/wysihtml5x-toolbar.self-f835bfe0ef8681a04b930aafeb1f792406f9426924cc7d7bf8d08463415b8120.js?body=1" for 127.0.0.1 at 2015-11-19 15:06:53 +0100


Started GET "/assets/bootstrap-wysihtml5/templates.self-3763bc32531aa6eead5161ab352ad4fd9a42814041116e110de42647257fd7fc.js?body=1" for 127.0.0.1 at 2015-11-19 15:06:53 +0100


Started GET "/assets/bootstrap-wysihtml5/bootstrap3-wysihtml5.self-afc297bd9a94e1ae19f3084ece7269c7329614dbf0b8573bc8e150a13a903365.js?body=1" for 127.0.0.1 at 2015-11-19 15:06:53 +0100


Started GET "/assets/bootstrap-wysihtml5/commands.self-0e434cd483ee027fcbdceb27a1784b62509766f11a510aa400e559e03082f132.js?body=1" for 127.0.0.1 at 2015-11-19 15:06:53 +0100


Started GET "/assets/bootstrap-wysihtml5/locales/en-US.self-4c2b45f8023b8a34240c7a73e6f9692b425fd8797c94ed3f7a91cbe649111959.js?body=1" for 127.0.0.1 at 2015-11-19 15:06:53 +0100


Started GET "/assets/bootstrap-wysihtml5/index.self-d088784b7ecb87f1ea17e6f982fa968ffefcc07b79de6ecc548fc00242868da6.js?body=1" for 127.0.0.1 at 2015-11-19 15:06:53 +0100


Started GET "/assets/bootstrap-wysihtml5/locales/ar-AR.self-fb7191fb2ecd3c03c7963b92388bda0841ab61acd09fe480c05b2ad61b2e57a4.js?body=1" for 127.0.0.1 at 2015-11-19 15:06:54 +0100


Started GET "/assets/bootstrap-wysihtml5/locales/bg-BG.self-afb9ab686b835e4afbad9f0ea5ba199da599bff1c269db8e559f667d7d44804a.js?body=1" for 127.0.0.1 at 2015-11-19 15:06:54 +0100


Started GET "/assets/bootstrap-wysihtml5/locales/ca-CT.self-8cd7ee2c87b54222f655018f7461823115c7ca643632265726c4b1e2476639c1.js?body=1" for 127.0.0.1 at 2015-11-19 15:06:54 +0100


Started GET "/assets/bootstrap-wysihtml5/locales/cs-CZ.self-4c1529662dc4f2606180b504efbe1412b37cc83064b15325288a78be32ab8883.js?body=1" for 127.0.0.1 at 2015-11-19 15:06:54 +0100


Started GET "/assets/bootstrap-wysihtml5/locales/da-DK.self-20e075f6260a74d57eb083bcf4d5a1a8ad338cf278864e2bd0245e5f2f623cfd.js?body=1" for 127.0.0.1 at 2015-11-19 15:06:54 +0100


Started GET "/assets/bootstrap-wysihtml5/locales/de-DE.self-c11bc5b7afce00f5bf59ffbe21ca636a9d5c381b64a4376d214d272ad2a4439d.js?body=1" for 127.0.0.1 at 2015-11-19 15:06:54 +0100


Started GET "/assets/bootstrap-wysihtml5/locales/el-GR.self-b16105683ed57bb29b8ad85eb748d28defc2ff4be63daf26f750b7fc0faa78ec.js?body=1" for 127.0.0.1 at 2015-11-19 15:06:54 +0100


Started GET "/assets/bootstrap-wysihtml5/locales/es-AR.self-26dc5ae2bb06e67ba87f4a9e2b7734cfa092119f84c0695decc2f4ce7c7987e2.js?body=1" for 127.0.0.1 at 2015-11-19 15:06:54 +0100


Started GET "/assets/bootstrap-wysihtml5/locales/es-ES.self-f716a6fd7173d4b326337d70f65a745cdc32773fb7acbe4e651687c62a6d4557.js?body=1" for 127.0.0.1 at 2015-11-19 15:06:54 +0100


Started GET "/assets/bootstrap-wysihtml5/locales/fr-FR.self-8de658c992e7d17284b726dfb992aadb2532eec6b92fcb38eb7569468f7bea99.js?body=1" for 127.0.0.1 at 2015-11-19 15:06:54 +0100


Started GET "/assets/bootstrap-wysihtml5/locales/fr-NL.self-e1f48325d6bc9c4de4d290e66af957dd4bd244fb503b6554176b0bc4b76c5459.js?body=1" for 127.0.0.1 at 2015-11-19 15:06:54 +0100


Started GET "/assets/bootstrap-wysihtml5/locales/hr-HR.self-ba87f3c60f0e4ee30d59588a0a771f73ad97ef27ca05fc64ec0391ad7510a06c.js?body=1" for 127.0.0.1 at 2015-11-19 15:06:54 +0100


Started GET "/assets/bootstrap-wysihtml5/locales/hu-HU.self-18d3d0527e066af8f0ae832e8fa14c08f78127742626ce6384e2fcb534488bdd.js?body=1" for 127.0.0.1 at 2015-11-19 15:06:54 +0100


Started GET "/assets/bootstrap-wysihtml5/locales/il-HE.self-e6650361c978f48d6a74f42fe91c6b13661d372e2f758522853257a041c752e1.js?body=1" for 127.0.0.1 at 2015-11-19 15:06:54 +0100


Started GET "/assets/bootstrap-wysihtml5/locales/it-IT.self-1f2c8e5c42added0f086c9ac096ac042143a20bf49d03e462ae9d6cd57b64034.js?body=1" for 127.0.0.1 at 2015-11-19 15:06:54 +0100


Started GET "/assets/bootstrap-wysihtml5/locales/ja-JP.self-b3091cdf99d3babe62c2d93cf4dd7cf022dca4787267878c234488ed22d07ef4.js?body=1" for 127.0.0.1 at 2015-11-19 15:06:54 +0100


Started GET "/assets/bootstrap-wysihtml5/locales/ko-KR.self-b8936e6d59275106c235eb1a97cb68370c0163b4fa9e0b44f00c0436db2292bf.js?body=1" for 127.0.0.1 at 2015-11-19 15:06:54 +0100


Started GET "/assets/bootstrap-wysihtml5/locales/lt-LT.self-7f253ec52f9496eb414171fbdc010f2125380f42873aaa37515dbe07d8fdd9f2.js?body=1" for 127.0.0.1 at 2015-11-19 15:06:54 +0100


Started GET "/assets/bootstrap-wysihtml5/locales/mo-MD.self-8ddec7ec2e66fda7d7fa11a5e63a5ee57d4f15657108887fb936b3cc05d6d5e8.js?body=1" for 127.0.0.1 at 2015-11-19 15:06:54 +0100


Started GET "/assets/bootstrap-wysihtml5/locales/nb-NB.self-3e8240c69994496cf441cc0ab3e9673fd492288754f323ff7fb64c165b019a3f.js?body=1" for 127.0.0.1 at 2015-11-19 15:06:54 +0100


Started GET "/assets/bootstrap-wysihtml5/locales/nl-NL.self-cab375c45160e5cf7ad837709b3c0eb1383c2f5e97e8a472b8e154d573bbfce6.js?body=1" for 127.0.0.1 at 2015-11-19 15:06:54 +0100


Started GET "/assets/bootstrap-wysihtml5/locales/pl-PL.self-cd60c78d631218dd2cc50482bff1d73e5fa49f550b77247993b5f7f7a5dde5b7.js?body=1" for 127.0.0.1 at 2015-11-19 15:06:54 +0100


Started GET "/assets/bootstrap-wysihtml5/locales/pt-BR.self-7e4f1d4e0204a29ae297253a1a47101faff95c27c01e741713419b6763e830fc.js?body=1" for 127.0.0.1 at 2015-11-19 15:06:54 +0100


Started GET "/assets/bootstrap-wysihtml5/locales/ru-RU.self-a9c5ea0af8b8224d5b36706f9a658f89918af1475df24652f7dac85f041508bc.js?body=1" for 127.0.0.1 at 2015-11-19 15:06:54 +0100


Started GET "/assets/bootstrap-wysihtml5/locales/sk-SK.self-8020b2c40558a751d07b9103ee5751b3475fa21b789bb229cbdd8400c47fb509.js?body=1" for 127.0.0.1 at 2015-11-19 15:06:54 +0100


Started GET "/assets/bootstrap-wysihtml5/locales/sv-SE.self-11e0c458f051e5f30391e7845e9cb1886b78b691f61b269afb647a6c2a4e64fb.js?body=1" for 127.0.0.1 at 2015-11-19 15:06:54 +0100


Started GET "/assets/bootstrap-wysihtml5/locales/tr-TR.self-6ac285f8beb424949359149a31c065c55ce4674093ea84fe4968d38b88b2632e.js?body=1" for 127.0.0.1 at 2015-11-19 15:06:54 +0100


Started GET "/assets/bootstrap-wysihtml5/locales/ua-UA.self-c92e661da6e89a9b0127ef8f4b576bc8857ee6acb101588ec5cb92e2c93ac92e.js?body=1" for 127.0.0.1 at 2015-11-19 15:06:54 +0100


Started GET "/assets/bootstrap-wysihtml5/locales/zh-CN.self-2185bbc384d0c43913421ad2ea09c7b71748a5b20239948e702b7c6fa27797c4.js?body=1" for 127.0.0.1 at 2015-11-19 15:06:54 +0100


Started GET "/assets/bootstrap-wysihtml5/locales/zh-TW.self-7e78da4b598799c68f05e9b41eb435919ba7cceedb97ff4abe063b87c19826ca.js?body=1" for 127.0.0.1 at 2015-11-19 15:06:54 +0100


Started GET "/assets/bootstrap-wysihtml5/locales/index.self-e3b0c44298fc1c149afbf4c8996fb92427ae41e4649b934ca495991b7852b855.js?body=1" for 127.0.0.1 at 2015-11-19 15:06:54 +0100


Started GET "/assets/bootstrap-wysihtml5/minimum.self-545c38b0922de19734fbffde62792c37c2aef6a3216cfa472449173165220f7d.js?body=1" for 127.0.0.1 at 2015-11-19 15:06:54 +0100


Started GET "/assets/bootstrap-select.self-de88cf1fdcec077fb9e0c56b427be93ddab1e408ce060d106f3f807cbe2b9b10.js?body=1" for 127.0.0.1 at 2015-11-19 15:06:54 +0100


Started GET "/assets/selectize.self-3effb6f6de816db1f8f925a7be3a1677dcf689b82a2a471d2b6095b87e8872ec.js?body=1" for 127.0.0.1 at 2015-11-19 15:06:54 +0100


Started GET "/assets/admin/admin.self-7c44b34571f9c6f50024ec815db695a00182b9937b48d97c4ac1515ab6b385a0.js?body=1" for 127.0.0.1 at 2015-11-19 15:06:54 +0100


Started GET "/assets/bootstrap/glyphicons-halflings-regular-fe185d11a49676890d47bb783312a0cda5a44c4039214094e7957b4c040ef11c.woff2" for 127.0.0.1 at 2015-11-19 15:06:54 +0100


Started GET "/admin/settings" for 127.0.0.1 at 2015-11-19 15:06:56 +0100
Processing by Admin::AdminController#settings as HTML
  Rendered admin/admin/settings.html.erb within layouts/admin/admin (5.4ms)
  Rendered layouts/admin/_header.html.erb (0.9ms)
  [1m[36mType Load (0.1ms)[0m  [1mSELECT "types".* FROM "types" WHERE "types"."visible" = 't'  ORDER BY title_p DESC[0m
  Rendered layouts/admin/_menu.html.erb (1.4ms)
  Rendered layouts/admin/_footer.html.erb (0.0ms)
Completed 200 OK in 208ms (Views: 207.0ms | ActiveRecord: 0.1ms)
  Rendered /home/gregorio/.rvm/gems/ruby-2.2.1/gems/web-console-2.2.1/lib/web_console/templates/_markup.html.erb (0.2ms)
  Rendered /home/gregorio/.rvm/gems/ruby-2.2.1/gems/web-console-2.2.1/lib/web_console/templates/_inner_console_markup.html.erb within layouts/inlined_string (0.3ms)
  Rendered /home/gregorio/.rvm/gems/ruby-2.2.1/gems/web-console-2.2.1/lib/web_console/templates/_prompt_box_markup.html.erb within layouts/inlined_string (0.2ms)
  Rendered /home/gregorio/.rvm/gems/ruby-2.2.1/gems/web-console-2.2.1/lib/web_console/templates/style.css.erb within layouts/inlined_string (0.2ms)
  Rendered /home/gregorio/.rvm/gems/ruby-2.2.1/gems/web-console-2.2.1/lib/web_console/templates/console.js.erb within layouts/javascript (13.5ms)
  Rendered /home/gregorio/.rvm/gems/ruby-2.2.1/gems/web-console-2.2.1/lib/web_console/templates/main.js.erb within layouts/javascript (0.3ms)
  Rendered /home/gregorio/.rvm/gems/ruby-2.2.1/gems/web-console-2.2.1/lib/web_console/templates/index.html.erb (22.7ms)


Started GET "/admin/notes" for 127.0.0.1 at 2015-11-19 15:06:57 +0100
Processing by Admin::NotesController#index as HTML
  [1m[35mNote Load (0.2ms)[0m  SELECT  "notes".* FROM "notes"  ORDER BY created_at DESC LIMIT 12 OFFSET 0
  Rendered admin/notes/index.html.erb within layouts/admin/admin (1.8ms)
  Rendered layouts/admin/_header.html.erb (0.7ms)
  [1m[36mCACHE (0.0ms)[0m  [1mSELECT "types".* FROM "types" WHERE "types"."visible" = 't'  ORDER BY title_p DESC[0m
  Rendered layouts/admin/_menu.html.erb (1.1ms)
  Rendered layouts/admin/_footer.html.erb (0.0ms)
Completed 200 OK in 187ms (Views: 185.8ms | ActiveRecord: 0.2ms)


Started GET "/admin/pages" for 127.0.0.1 at 2015-11-19 15:06:59 +0100
Processing by Admin::PagesController#index as HTML
  [1m[35mPage Load (0.1ms)[0m  SELECT  "pages".* FROM "pages"  ORDER BY title ASC LIMIT 12 OFFSET 0
  Rendered admin/pages/index.html.erb within layouts/admin/admin (1.2ms)
  Rendered layouts/admin/_header.html.erb (0.7ms)
  [1m[36mType Load (0.1ms)[0m  [1mSELECT "types".* FROM "types" WHERE "types"."visible" = 't'  ORDER BY title_p DESC[0m
  Rendered layouts/admin/_menu.html.erb (1.3ms)
  Rendered layouts/admin/_footer.html.erb (0.0ms)
Completed 200 OK in 217ms (Views: 213.2ms | ActiveRecord: 0.3ms)
